t=1430 0
t=2667 0
t=8089 2
t=8524 3
t=8528 4
t=9010 5
t=9012 6
t=9016 7
t=9018 8
t=9020 9
t=9022 9
t=9097 9
t=10884 9
t=11016 9
t=11017 9
t=11090 9
t=11646 10
t=24830 11
t=38282 12
t=45842 13
t=55004 14
t=61484 15
t=63835 16
t=69239 17
t=74671 18
t=87512 19
t=88428 19
t=91932 20
t=92531 20
t=100413 21
t=100889 21
t=113943 22
t=114662 22
t=124102 23
t=124775 23
t=136715 24
t=137382 24
t=147995 25
t=161262 26
t=162270 26
t=167325 27
t=179168 28
t=180022 28
t=183191 29
t=184156 29
t=189572 30
t=190576 30
t=201244 31
t=208301 1
t=208821 2
t=208825 3
t=209294 3
t=209637 5
t=209639 5
t=209758 5
t=209986 5
t=219848 7
t=231492 9
t=234946 10
t=244522 11
t=248618 12
t=249157 12
t=254502 13
t=255179 13
t=272380 14
t=272825 14
t=278439 15
t=284145 16
t=284939 16
t=290710 17
t=291441 17
t=296916 18
t=297304 18
t=302629 19
t=303421 19
t=307897 20
t=308318 20
t=313881 21
t=344142 22
t=344894 22
t=350455 23
t=351047 23
t=362803 24
t=363570 24
t=375783 25
t=386567 26
t=387645 26
t=397984 27
t=402204 28
t=402973 28
t=408039 29
t=408767 29
t=413148 30
t=414168 30
t=428401 31
t=429362 31
t=443886 1
t=444445 1
t=449298 3
t=449707 4
t=449709 5
t=449715 7
t=460305 8
t=468073 9
t=474584 12
t=475268 13
t=476051 13
t=476052 13
t=480646 14
t=491769 15
t=492248 15
t=495208 16
t=495924 16
t=499890 17
t=500503 17
t=504633 18
t=505470 18
t=508667 19
t=509058 19
t=511328 20
t=511812 20
t=516632 21
t=526243 22
t=526793 22
t=529966 23
t=530664 23
t=532089 24
t=532770 25
t=533284 26
t=533286 26
