t=0 1
t=1570 2
t=1950 3
t=12084 1
t=24505 1
t=25303 2
t=37445 1
t=38755 2
t=39684 3
t=48710 1
t=60238 1
t=71373 1
t=72063 2
t=83700 1
t=84941 2
t=85688 3
t=96130 1
t=97111 2
t=102638 1
t=103120 2
t=106982 1
t=107497 2
t=109613 1
t=110077 2
t=115127 1
t=122754 1
t=122858 2
t=130396 1
t=139500 1
t=140157 2
t=149978 1
t=150849 2
t=155125 1
t=155229 1
t=155366 2
t=155368 1
t=155931 2
t=158748 1
t=158756 2
t=161740 1
t=162561 2
t=168220 1
t=174475 1
t=175001 2
t=182910 1
t=183502 2
t=194941 1
t=196049 2
t=205226 1
t=217494 1
t=218626 2
t=221171 1
t=221867 2
t=224516 1
t=225027 2
t=228688 1
t=229054 2
t=234683 1
t=235562 2
t=246829 1
t=247519 2
t=258468 1
t=266208 1
t=269914 1
t=274031 1
t=276515 1
t=277794 1
t=279025 2
t=279621 3
t=279623 4
t=279625 5
t=280108 6
t=283510 1
t=286901 1
t=287701 2
t=299471 1
t=310600 1
t=322807 1
t=326414 1
t=326881 2
t=329417 1
t=329783 2
t=331924 1
t=332395 2
t=335555 1
t=335691 2
t=336973 1
t=337448 2
t=341392 1
t=342793 2
t=350374 1
t=351260 2
t=364145 1
t=365359 2
t=373138 1
t=385119 1
t=394941 1
t=395785 2
t=404158 1
t=409376 1
t=409645 2
t=409682 1
t=410205 2
t=412335 1
t=412709 2
t=416118 1
t=416511 2
t=418294 1
t=425010 1
t=425387 2
t=435400 1
t=436164 2
t=445068 1
t=458496 1
t=459017 2
t=468487 1
t=469323 2
t=481462 1
t=485678 1
t=489318 1
t=489630 2
t=493189 1
t=497670 1
t=498091 2
t=504372 1
t=513104 1
t=526349 1
t=526655 2
t=535118 1
t=535648 2
t=547592 1
t=548118 2
t=559306 1
t=560602 2
t=561051 3
t=561053 4
t=561382 5
t=561384 6
t=561386 7
t=561390 8
t=561392 9
t=561394 10
t=564759 1
t=565583 2
t=575813 1
t=584617 1
t=597157 1
t=597975 2
t=605096 1
t=608689 1
t=608939 2
t=611682 1
t=614712 1
t=615164 1
t=615165 2
t=618633 1
t=619697 2
t=629627 1
t=633449 1
t=633639 2
t=638785 1
t=646510 1
t=653548 1
t=654246 2
t=659023 1
t=659734 2
t=670464 1
t=670842 2
t=679344 1
t=679985 2
t=681635 1
t=685242 1
t=685485 2
t=688623 1
t=689066 2
