t=1 0
t=1431 1
t=1433 2
t=8090 3
t=8092 4
t=8525 5
t=8527 6
t=8529 7
t=8531 8
t=9011 9
t=9013 10
t=9015 11
t=9017 12
t=9019 13
t=9021 14
t=9023 15
t=9025 16
t=9027 17
t=9029 18
t=69240 19
t=74672 20
t=87513 21
t=91933 22
t=100414 23
t=113944 24
t=124103 25
t=136716 26
t=147996 27
t=161263 28
t=167326 29
t=179169 30
t=183192 31
t=189573 0
t=201245 1
t=208302 2
t=208304 3
t=208822 4
t=208824 5
t=208826 6
t=208828 7
t=209638 8
t=209640 9
t=209642 10
t=231493 11
t=234947 12
t=244523 13
t=248619 14
t=254503 15
t=272381 16
t=278440 17
t=284146 18
t=290711 19
t=296917 20
t=302630 21
t=307898 22
t=313882 23
t=344143 24
t=350456 25
t=362804 26
t=375784 27
t=386568 28
t=397985 29
t=402205 30
t=408040 31
t=413149 0
t=428402 1
t=443887 2
t=443889 3
t=449299 4
t=449301 5
t=449708 6
t=449710 7
t=449712 8
t=449714 9
t=449716 10
t=449718 11
t=449720 12
t=474585 13
t=474587 14
t=475269 15
t=475271 16
t=491770 17
t=495209 18
t=499891 19
t=504634 20
t=508668 21
t=511329 22
t=516633 23
t=526244 24
t=529967 25
t=532090 26
t=533285 27
